d:\qt-project\iritrackerstandardapp\iritrackerstandardapp\x64\debug\vc142.pdb
d:\qt-project\iritrackerstandardapp\iritrackerstandardapp\x64\debug\vc142.idb
d:\qt-project\iritrackerstandardapp\iritrackerstandardapp\x64\debug\qrc_iritrackerstandardapp.obj
d:\qt-project\iritrackerstandardapp\iritrackerstandardapp\x64\debug\employeemanagement.obj
d:\qt-project\iritrackerstandardapp\iritrackerstandardapp\x64\debug\menu.obj
d:\qt-project\iritrackerstandardapp\iritrackerstandardapp\x64\debug\navbar.obj
d:\qt-project\iritrackerstandardapp\iritrackerstandardapp\x64\debug\departmentmanagement.obj
d:\qt-project\iritrackerstandardapp\iritrackerstandardapp\x64\debug\employee.obj
d:\qt-project\iritrackerstandardapp\iritrackerstandardapp\x64\debug\departmentcontroller.obj
d:\qt-project\iritrackerstandardapp\iritrackerstandardapp\x64\debug\department.obj
d:\qt-project\iritrackerstandardapp\iritrackerstandardapp\x64\debug\employeecontroller.obj
d:\qt-project\iritrackerstandardapp\iritrackerstandardapp\x64\debug\departmentform.obj
d:\qt-project\iritrackerstandardapp\iritrackerstandardapp\x64\debug\adminsignupform.obj
d:\qt-project\iritrackerstandardapp\iritrackerstandardapp\x64\debug\datahandler.obj
d:\qt-project\iritrackerstandardapp\iritrackerstandardapp\x64\debug\adminloginform.obj
d:\qt-project\iritrackerstandardapp\iritrackerstandardapp\x64\debug\admincontroller.obj
d:\qt-project\iritrackerstandardapp\iritrackerstandardapp\x64\debug\anonymoushome.obj
d:\qt-project\iritrackerstandardapp\iritrackerstandardapp\x64\debug\main.obj
d:\qt-project\iritrackerstandardapp\iritrackerstandardapp\x64\debug\iritrackerstandardapp.obj
d:\qt-project\iritrackerstandardapp\iritrackerstandardapp\x64\debug\moc_anonymoushome.obj
d:\qt-project\iritrackerstandardapp\iritrackerstandardapp\x64\debug\moc_menu.obj
d:\qt-project\iritrackerstandardapp\iritrackerstandardapp\x64\debug\moc_navbar.obj
d:\qt-project\iritrackerstandardapp\iritrackerstandardapp\x64\debug\moc_employeemanagement.obj
d:\qt-project\iritrackerstandardapp\iritrackerstandardapp\x64\debug\moc_adminloginform.obj
d:\qt-project\iritrackerstandardapp\iritrackerstandardapp\x64\debug\moc_datahandler.obj
d:\qt-project\iritrackerstandardapp\iritrackerstandardapp\x64\debug\moc_admincontroller.obj
d:\qt-project\iritrackerstandardapp\iritrackerstandardapp\x64\debug\moc_departmentmanagement.obj
d:\qt-project\iritrackerstandardapp\iritrackerstandardapp\x64\debug\moc_iritrackerstandardapp.obj
d:\qt-project\iritrackerstandardapp\iritrackerstandardapp\x64\debug\moc_departmentform.obj
d:\qt-project\iritrackerstandardapp\iritrackerstandardapp\x64\debug\moc_adminsignupform.obj
d:\qt-project\iritrackerstandardapp\iritrackerstandardapp\x64\debug\databasesetting.obj
d:\qt-project\iritrackerstandardapp\iritrackerstandardapp\x64\debug\moc_databasesetting.obj
d:\qt-project\iritrackerstandardapp\iritrackerstandardapp\x64\debug\databasesettingtosqlite.obj
d:\qt-project\iritrackerstandardapp\iritrackerstandardapp\x64\debug\moc_databasesettingtosqlite.obj
d:\qt-project\iritrackerstandardapp\iritrackerstandardapp\x64\debug\databasesettingtomysql.obj
d:\qt-project\iritrackerstandardapp\iritrackerstandardapp\x64\debug\moc_databasesettingtomysql.obj
d:\qt-project\iritrackerstandardapp\iritrackerstandardapp\x64\debug\qt\uic\ui_iritrackerstandardapp.h
d:\qt-project\iritrackerstandardapp\iritrackerstandardapp\x64\debug\qt\rcc\qrc_iritrackerstandardapp.cpp
d:\qt-project\iritrackerstandardapp\iritrackerstandardapp\x64\debug\qt\moc\moc_iritrackerstandardapp.cpp
d:\qt-project\iritrackerstandardapp\iritrackerstandardapp\x64\debug\qt\moc\moc_datahandler.cpp
d:\qt-project\iritrackerstandardapp\iritrackerstandardapp\x64\debug\qt\moc\moc_admincontroller.cpp
d:\qt-project\iritrackerstandardapp\iritrackerstandardapp\x64\debug\qt\uic\ui_adminloginform.h
d:\qt-project\iritrackerstandardapp\iritrackerstandardapp\x64\debug\qt\moc\moc_adminloginform.cpp
d:\qt-project\iritrackerstandardapp\iritrackerstandardapp\x64\debug\qt\uic\ui_adminsignupform.h
d:\qt-project\iritrackerstandardapp\iritrackerstandardapp\x64\debug\qt\moc\moc_adminsignupform.cpp
d:\qt-project\iritrackerstandardapp\iritrackerstandardapp\x64\debug\qt\uic\ui_departmentmanagement.h
d:\qt-project\iritrackerstandardapp\iritrackerstandardapp\x64\debug\qt\moc\moc_departmentmanagement.cpp
d:\qt-project\iritrackerstandardapp\iritrackerstandardapp\x64\debug\qt\uic\ui_anonymoushome.h
d:\qt-project\iritrackerstandardapp\iritrackerstandardapp\x64\debug\qt\uic\ui_employeemanagement.h
d:\qt-project\iritrackerstandardapp\iritrackerstandardapp\x64\debug\qt\uic\ui_menu.h
d:\qt-project\iritrackerstandardapp\iritrackerstandardapp\x64\debug\qt\uic\ui_navbar.h
d:\qt-project\iritrackerstandardapp\iritrackerstandardapp\x64\debug\qt\moc\moc_employeemanagement.cpp
d:\qt-project\iritrackerstandardapp\iritrackerstandardapp\x64\debug\qt\moc\moc_departmentform.cpp
d:\qt-project\iritrackerstandardapp\iritrackerstandardapp\x64\debug\qt\uic\ui_departmentform.h
d:\qt-project\iritrackerstandardapp\iritrackerstandardapp\x64\debug\qt\moc\moc_menu.cpp
d:\qt-project\iritrackerstandardapp\iritrackerstandardapp\x64\debug\qt\moc\moc_navbar.cpp
d:\qt-project\iritrackerstandardapp\iritrackerstandardapp\x64\debug\qt\moc\moc_anonymoushome.cpp
d:\qt-project\iritrackerstandardapp\iritrackerstandardapp\x64\debug\qt\uic\ui_databasesettingdialog.h
d:\qt-project\iritrackerstandardapp\iritrackerstandardapp\x64\debug\qt\uic\ui_datasettingtosqlite.h
d:\qt-project\iritrackerstandardapp\iritrackerstandardapp\x64\debug\qt\uic\ui_databasesettingtosqlite.h
d:\qt-project\iritrackerstandardapp\iritrackerstandardapp\x64\debug\qt\uic\ui_databasesetting.h
d:\qt-project\iritrackerstandardapp\iritrackerstandardapp\x64\debug\qt\moc\moc_databasesetting.cpp
d:\qt-project\iritrackerstandardapp\iritrackerstandardapp\x64\debug\qt\moc\moc_databasesettingtosqlite.cpp
d:\qt-project\iritrackerstandardapp\iritrackerstandardapp\x64\debug\qt\uic\ui_databasesettingtemp.h
d:\qt-project\iritrackerstandardapp\iritrackerstandardapp\x64\debug\qt\uic\ui_databasesettingtomysql.h
d:\qt-project\iritrackerstandardapp\iritrackerstandardapp\x64\debug\qt\moc\moc_databasesettingtomysql.cpp
d:\qt-project\iritrackerstandardapp\x64\debug\iritrackerstandardapp.exe
d:\qt-project\iritrackerstandardapp\iritrackerstandardapp\x64\debug\iritrackerstandardapp.ilk
d:\qt-project\iritrackerstandardapp\x64\debug\iritrackerstandardapp.pdb
d:\qt-project\iritrackerstandardapp\iritrackerstandardapp\x64\debug\databasesettingdialog.obj
d:\qt-project\iritrackerstandardapp\iritrackerstandardapp\x64\debug\databasesetting.new.obj.enc
d:\qt-project\iritrackerstandardapp\iritrackerstandardapp\x64\debug\main.obj.enc
d:\qt-project\iritrackerstandardapp\iritrackerstandardapp\x64\debug\moc_databasesetting.obj.enc
d:\qt-project\iritrackerstandardapp\iritrackerstandardapp\x64\debug\iritrack.8cef0d0f.tlog\cl.command.1.tlog
d:\qt-project\iritrackerstandardapp\iritrackerstandardapp\x64\debug\iritrack.8cef0d0f.tlog\cl.read.1.tlog
d:\qt-project\iritrackerstandardapp\iritrackerstandardapp\x64\debug\iritrack.8cef0d0f.tlog\cl.write.1.tlog
d:\qt-project\iritrackerstandardapp\iritrackerstandardapp\x64\debug\iritrack.8cef0d0f.tlog\iritrackerstandardapp.write.1u.tlog
d:\qt-project\iritrackerstandardapp\iritrackerstandardapp\x64\debug\iritrack.8cef0d0f.tlog\link.command.1.tlog
d:\qt-project\iritrackerstandardapp\iritrackerstandardapp\x64\debug\iritrack.8cef0d0f.tlog\link.read.1.tlog
d:\qt-project\iritrackerstandardapp\iritrackerstandardapp\x64\debug\iritrack.8cef0d0f.tlog\link.write.1.tlog
d:\qt-project\iritrackerstandardapp\iritrackerstandardapp\x64\debug\iritrack.8cef0d0f.tlog\moc.read.1u.tlog
d:\qt-project\iritrackerstandardapp\iritrackerstandardapp\x64\debug\iritrack.8cef0d0f.tlog\moc.write.1u.tlog
d:\qt-project\iritrackerstandardapp\iritrackerstandardapp\x64\debug\iritrack.8cef0d0f.tlog\rcc.read.1u.tlog
d:\qt-project\iritrackerstandardapp\iritrackerstandardapp\x64\debug\iritrack.8cef0d0f.tlog\rcc.write.1u.tlog
d:\qt-project\iritrackerstandardapp\iritrackerstandardapp\x64\debug\iritrack.8cef0d0f.tlog\uic.read.1u.tlog
d:\qt-project\iritrackerstandardapp\iritrackerstandardapp\x64\debug\iritrack.8cef0d0f.tlog\uic.write.1u.tlog
